<?xml version="1.0" encoding="UTF-8"?>
<!-- Generated by org.testng.reporters.JUnitReportReporter -->
<testsuite skipped="0" hostname="DESKTOP-5QSJ53L" name="driver.DriverScript" tests="1" failures="0" timestamp="2021-07-04T09:35:32 IST" time="53.847" errors="0">
  <testcase name="executeTests" time="53.847" classname="driver.DriverScript"/>
  <system-out/>
</testsuite> <!-- driver.DriverScript -->
